c:\users\jr\onedrive\desktop\gui\project1\project1\x64\debug\vc143.pdb
c:\users\jr\onedrive\desktop\gui\project1\project1\x64\debug\.netframework,version=v4.7.2.assemblyattributes.obj
c:\users\jr\onedrive\desktop\gui\project1\project1\x64\debug\myform.obj
c:\users\jr\onedrive\desktop\gui\project1\x64\debug\project1.exe
c:\users\jr\onedrive\desktop\gui\project1\project1\x64\debug\project1.vcxproj.assemblyreference.cache
c:\users\jr\onedrive\desktop\gui\project1\project1\x64\debug\project1.vcxproj.generateresource.cache
c:\users\jr\onedrive\desktop\gui\project1\project1\x64\debug\project1.myform.resources
c:\users\jr\onedrive\desktop\gui\project1\x64\debug\project1.pdb
c:\users\jr\onedrive\desktop\gui\project1\project1\x64\debug\project1.tlog\cl.command.1.tlog
c:\users\jr\onedrive\desktop\gui\project1\project1\x64\debug\project1.tlog\cl.read.1.tlog
c:\users\jr\onedrive\desktop\gui\project1\project1\x64\debug\project1.tlog\cl.write.1.tlog
c:\users\jr\onedrive\desktop\gui\project1\project1\x64\debug\project1.tlog\link.6196.read.1.tlog
c:\users\jr\onedrive\desktop\gui\project1\project1\x64\debug\project1.tlog\link.6196.read.3.tlog
c:\users\jr\onedrive\desktop\gui\project1\project1\x64\debug\project1.tlog\link.6196.write.1.tlog
c:\users\jr\onedrive\desktop\gui\project1\project1\x64\debug\project1.tlog\link.command.1.tlog
c:\users\jr\onedrive\desktop\gui\project1\project1\x64\debug\project1.tlog\link.read.1.tlog
c:\users\jr\onedrive\desktop\gui\project1\project1\x64\debug\project1.tlog\link.read.2.tlog
c:\users\jr\onedrive\desktop\gui\project1\project1\x64\debug\project1.tlog\link.write.1.tlog
c:\users\jr\onedrive\desktop\gui\project1\project1\x64\debug\project1.tlog\metagen.read.1.tlog
c:\users\jr\onedrive\desktop\gui\project1\project1\x64\debug\project1.tlog\metagen.write.1.tlog
c:\users\jr\onedrive\desktop\gui\project1\project1\x64\debug\project1.tlog\resgen.command.1.tlog
c:\users\jr\onedrive\desktop\gui\project1\project1\x64\debug\project1.tlog\resgen.read.1.tlog
c:\users\jr\onedrive\desktop\gui\project1\project1\x64\debug\project1.tlog\resgen.write.1.tlog
